<?xml version="1.0" encoding="UTF-8"?>
<!-- Generated by org.testng.reporters.JUnitXMLReporter -->
<testsuite ignored="0" hostname="DESKTOP-L042VK9" failures="0" tests="8" name="Full Test" time="0.37" errors="0" timestamp="01 Jun 2022 15:13:59 GMT">
  <testcase classname="features.Preparation" name="@BeforeMethod beforeMethodSetup" time="0.219">
    <failure type="java.lang.IllegalStateException" message="The path to the driver executable must be set by the webdriver.chrome.driver system property; for more information, see https://github.com/SeleniumHQ/selenium/wiki/ChromeDriver. The latest version can be downloaded from http://chromedriver.storage.googleapis.com/index.html">
      <![CDATA[java.lang.IllegalStateException: The path to the driver executable must be set by the webdriver.chrome.driver system property; for more information, see https://github.com/SeleniumHQ/selenium/wiki/ChromeDriver. The latest version can be downloaded from http://chromedriver.storage.googleapis.com/index.html
at com.google.common.base.Preconditions.checkState(Preconditions.java:847)
at org.openqa.selenium.remote.service.DriverService.findExecutable(DriverService.java:134)
at org.openqa.selenium.chrome.ChromeDriverService.access$000(ChromeDriverService.java:35)
at org.openqa.selenium.chrome.ChromeDriverService$Builder.findDefaultExecutable(ChromeDriverService.java:159)
at org.openqa.selenium.remote.service.DriverService$Builder.build(DriverService.java:355)
at org.openqa.selenium.chrome.ChromeDriverService.createDefaultService(ChromeDriverService.java:94)
at org.openqa.selenium.chrome.ChromeDriver.<init>(ChromeDriver.java:123)
at features.Preparation.beforeMethodSetup(Preparation.java:33)
... Removed 28 stack frames]]>
    </failure>
  </testcase> <!-- @BeforeMethod beforeMethodSetup -->
  <testcase classname="features.Preparation" name="@AfterMethod closeBrowser" time="0.0">
    <skipped/>
  </testcase> <!-- @AfterMethod closeBrowser -->
  <testcase classname="features.Preparation" name="@BeforeMethod beforeMethodSetup" time="0.0">
    <skipped/>
  </testcase> <!-- @BeforeMethod beforeMethodSetup -->
  <testcase classname="features.Preparation" name="@AfterMethod closeBrowser" time="0.0">
    <skipped/>
  </testcase> <!-- @AfterMethod closeBrowser -->
  <testcase classname="features.Preparation" name="@BeforeMethod beforeMethodSetup" time="0.0">
    <skipped/>
  </testcase> <!-- @BeforeMethod beforeMethodSetup -->
  <testcase classname="features.Preparation" name="@AfterMethod closeBrowser" time="0.0">
    <skipped/>
  </testcase> <!-- @AfterMethod closeBrowser -->
  <testcase classname="features.Preparation" name="@BeforeMethod beforeMethodSetup" time="0.0">
    <skipped/>
  </testcase> <!-- @BeforeMethod beforeMethodSetup -->
  <testcase classname="features.Preparation" name="@AfterMethod closeBrowser" time="0.0">
    <skipped/>
  </testcase> <!-- @AfterMethod closeBrowser -->
  <testcase classname="features.Preparation" name="@BeforeMethod beforeMethodSetup" time="0.0">
    <skipped/>
  </testcase> <!-- @BeforeMethod beforeMethodSetup -->
  <testcase classname="features.Preparation" name="@AfterMethod closeBrowser" time="0.0">
    <skipped/>
  </testcase> <!-- @AfterMethod closeBrowser -->
  <testcase classname="features.Preparation" name="@BeforeMethod beforeMethodSetup" time="0.0">
    <skipped/>
  </testcase> <!-- @BeforeMethod beforeMethodSetup -->
  <testcase classname="features.Preparation" name="@AfterMethod closeBrowser" time="0.0">
    <skipped/>
  </testcase> <!-- @AfterMethod closeBrowser -->
  <testcase classname="features.Preparation" name="@BeforeMethod beforeMethodSetup" time="0.0">
    <skipped/>
  </testcase> <!-- @BeforeMethod beforeMethodSetup -->
  <testcase classname="features.Preparation" name="@AfterMethod closeBrowser" time="0.0">
    <skipped/>
  </testcase> <!-- @AfterMethod closeBrowser -->
  <testcase classname="features.Preparation" name="@BeforeMethod beforeMethodSetup" time="0.0">
    <skipped/>
  </testcase> <!-- @BeforeMethod beforeMethodSetup -->
  <testcase classname="features.Preparation" name="@AfterMethod closeBrowser" time="0.0">
    <skipped/>
  </testcase> <!-- @AfterMethod closeBrowser -->
  <testcase classname="features.LoginTest" name="TC01_login" time="0.0">
    <skipped/>
  </testcase> <!-- TC01_login -->
  <testcase classname="features.LoginTest" name="TC02_login" time="0.0">
    <skipped/>
  </testcase> <!-- TC02_login -->
  <testcase classname="features.LoginTest" name="TC03_login" time="0.0">
    <skipped/>
  </testcase> <!-- TC03_login -->
  <testcase classname="features.LoginTest" name="TC05_login" time="0.0">
    <skipped/>
  </testcase> <!-- TC05_login -->
  <testcase classname="features.LoginTest" name="TC06_login" time="0.0">
    <skipped/>
  </testcase> <!-- TC06_login -->
  <testcase classname="features.LoginTest" name="TC07_login" time="0.0">
    <skipped/>
  </testcase> <!-- TC07_login -->
  <testcase classname="features.LoginTest" name="TC08_login" time="0.0">
    <skipped/>
  </testcase> <!-- TC08_login -->
  <testcase classname="features.LoginTest" name="TC04_login" time="0.0">
    <skipped/>
  </testcase> <!-- TC04_login -->
</testsuite> <!-- Full Test -->
